proguard/seeds.txt
com.jbak2.JbakKeyboard.AboutActivity
com.jbak2.JbakKeyboard.AboutActivity: AboutActivity()
com.jbak2.JbakKeyboard.AboutActivity: void onClick(android.view.View)
com.jbak2.JbakKeyboard.AcColorAct
com.jbak2.JbakKeyboard.AcColorAct: AcColorAct()
com.jbak2.JbakKeyboard.App
com.jbak2.JbakKeyboard.App: App()
com.jbak2.JbakKeyboard.ClipbrdSyncAct
com.jbak2.JbakKeyboard.ClipbrdSyncAct: ClipbrdSyncAct()
com.jbak2.JbakKeyboard.ClipbrdSyncAct: void onClick(android.view.View)
com.jbak2.JbakKeyboard.ClipbrdSyncAct$1: void onClick(android.view.View)
com.jbak2.JbakKeyboard.ClipbrdSyncAct$10: void onClick(android.view.View)
com.jbak2.JbakKeyboard.ClipbrdSyncAct$2: void onClick(android.view.View)
com.jbak2.JbakKeyboard.ClipbrdSyncAct$3: void onClick(android.view.View)
com.jbak2.JbakKeyboard.ClipbrdSyncAct$5: void onClick(android.view.View)
com.jbak2.JbakKeyboard.ClipbrdSyncAct$7: void onClick(android.view.View)
com.jbak2.JbakKeyboard.ClipbrdSyncAct$9: void onClick(android.view.View)
com.jbak2.JbakKeyboard.ColorPicker
com.jbak2.JbakKeyboard.ColorPicker: ColorPicker(android.content.Context)
com.jbak2.JbakKeyboard.ColorPicker: ColorPicker(android.content.Context,android.util.AttributeSet)
com.jbak2.JbakKeyboard.ColorPicker: ColorPicker(android.content.Context,android.util.AttributeSet,int)
com.jbak2.JbakKeyboard.ColorPicker$1: void onClick(android.view.View)
com.jbak2.JbakKeyboard.ColorPicker$3: void onClick(android.view.View)
com.jbak2.JbakKeyboard.ColorPicker$4: void onClick(android.view.View)
com.jbak2.JbakKeyboard.CustomKbdScroll$3: void onClick(android.view.View)
com.jbak2.JbakKeyboard.Desc_act
com.jbak2.JbakKeyboard.Desc_act: Desc_act()
com.jbak2.JbakKeyboard.Desc_act: void onClick(android.view.View)
com.jbak2.JbakKeyboard.EditSetActivity
com.jbak2.JbakKeyboard.EditSetActivity: EditSetActivity()
com.jbak2.JbakKeyboard.EditUserVocab
com.jbak2.JbakKeyboard.EditUserVocab: EditUserVocab()
com.jbak2.JbakKeyboard.EditUserVocab: void onClickXml(android.view.View)
com.jbak2.JbakKeyboard.EditUserVocab$1: void onClick(android.view.View)
com.jbak2.JbakKeyboard.Gesture_create
com.jbak2.JbakKeyboard.Gesture_create: Gesture_create()
com.jbak2.JbakKeyboard.Gesture_create: void onClickAdd(android.view.View)
com.jbak2.JbakKeyboard.Gesture_create$1: void onClick(android.view.View)
com.jbak2.JbakKeyboard.Gesture_create$2: void onClick(android.view.View)
com.jbak2.JbakKeyboard.Help
com.jbak2.JbakKeyboard.Help: Help()
com.jbak2.JbakKeyboard.Help: void onClickClose(android.view.View)
com.jbak2.JbakKeyboard.JbCandView
com.jbak2.JbakKeyboard.JbCandView: JbCandView(android.content.Context,android.util.AttributeSet)
com.jbak2.JbakKeyboard.JbCandView$1: void onClick(android.view.View)
com.jbak2.JbakKeyboard.JbCandView$5: void onClick(android.view.View)
com.jbak2.JbakKeyboard.JbKbdPreference
com.jbak2.JbakKeyboard.JbKbdPreference: JbKbdPreference()
com.jbak2.JbakKeyboard.JbKbdPreference$11: void onClick(android.view.View)
com.jbak2.JbakKeyboard.JbKbdPreference$13: void onClick(android.view.View)
com.jbak2.JbakKeyboard.JbKbdPreference$15: void onClick(android.view.View)
com.jbak2.JbakKeyboard.JbKbdPreference$17: void onClick(android.view.View)
com.jbak2.JbakKeyboard.JbKbdPreference$19: void onClick(android.view.View)
com.jbak2.JbakKeyboard.JbKbdPreference$23: void onClick(android.content.DialogInterface,int)
com.jbak2.JbakKeyboard.JbKbdPreference$24: void onClick(android.content.DialogInterface,int)
com.jbak2.JbakKeyboard.JbKbdPreference$9: void onClick(android.view.View)
com.jbak2.JbakKeyboard.JbKbdView
com.jbak2.JbakKeyboard.JbKbdView: JbKbdView(android.content.Context,android.util.AttributeSet)
com.jbak2.JbakKeyboard.JbKbdView: JbKbdView(android.content.Context,android.util.AttributeSet,int)
com.jbak2.JbakKeyboard.LangSetActivity
com.jbak2.JbakKeyboard.LangSetActivity: LangSetActivity()
com.jbak2.JbakKeyboard.LangSetActivity$1: void onClick(android.view.View)
...
com.google.android.voiceime.ActivityHelper
com.google.android.voiceime.ActivityHelper: ActivityHelper()
com.google.android.voiceime.ActivityHelper$1: void onClick(android.content.DialogInterface,int)
com.google.android.voiceime.ActivityHelper$3: void onClick(android.content.DialogInterface,int)
com.google.android.voiceime.ServiceHelper
com.google.android.voiceime.ServiceHelper: ServiceHelper()
com.jbak2.Dialog.Dlg$1: void onClick(android.content.DialogInterface,int)
com.jbak2.Dialog.Dlg$2: void onClick(android.content.DialogInterface,int)
com.jbak2.Dialog.Dlg$OnButtonListener: void onClick(android.content.DialogInterface,int)
com.jbak2.Dialog.DlgFileExplorer$1: void onClick(android.view.View)
com.jbak2.Dialog.DlgPopupWnd$1: void onClick(android.view.View)
com.jbak2.ctrl.GlobDialog
com.jbak2.ctrl.GlobDialog$1: void onClick(android.view.View)
com.jbak2.ctrl.GlobDialog$2: void onClick(android.view.View)
com.jbak2.ctrl.IntEditor
com.jbak2.ctrl.IntEditor: IntEditor(android.content.Context,android.util.AttributeSet)
com.jbak2.receiver.JbKbdReceiver
com.jbak2.receiver.NotifReceiver
com.jbak2.words.WordsService
com.jbak2.words.WordsService: WordsService()