proguard/mapping.txt
com.jbak2.JbakKeyboard.AboutActivity -> com.jbak2.JbakKeyboard.AboutActivity:
    com.jbak2.JbakKeyboard.AboutActivity inst -> a
    15:15:void <clinit>() -> <clinit>
    13:13:void <init>() -> <init>
    19:33:void onCreate(android.os.Bundle) -> onCreate
    1127:1128:com.jbak2.CustomGraphics.GradBack com.jbak2.CustomGraphics.GradBack.setGap(int):127:128 -> onCreate
    1127:1128:void onCreate(android.os.Bundle):22 -> onCreate
    35:53:void onClick(android.view.View) -> onClick
    2019:2020:void com.jbak2.ctrl.Mail.sendFeedback(android.content.Context):19:20 -> onClick
    2019:2020:void onClick(android.view.View):38 -> onClick
com.jbak2.JbakKeyboard.AcColorAct -> com.jbak2.JbakKeyboard.AcColorAct:
    android.widget.EditText et_back -> a
    android.widget.EditText et1 -> b
    android.widget.EditText et2 -> c
    android.widget.EditText et3 -> d
    android.widget.EditText et4 -> e
    android.widget.EditText et5 -> f
    android.widget.EditText et6 -> g
    android.widget.EditText et7 -> h
    android.widget.EditText et8 -> i
    android.widget.EditText et9 -> j
    android.widget.EditText et10 -> k
    android.widget.EditText et11 -> l
    android.widget.EditText et12 -> m
    android.widget.EditText et13 -> n
    android.widget.EditText et14 -> o
    android.widget.EditText et15 -> p
    android.widget.EditText et16 -> q
    boolean fl_changed -> r
    android.text.TextWatcher tw -> s
    android.view.View$OnKeyListener m_keyListener -> t
    20:36:void <clinit>() -> <clinit>
    18:236:void <init>() -> <init>
    64:175:void onCreate(android.os.Bundle) -> onCreate
    178:179:void onPause() -> onPause
    182:183:void onResume() -> onResume
    187:188:void onDestroy() -> onDestroy
    192:235:void onBackPressed() -> onBackPressed
com.jbak2.JbakKeyboard.AcColorAct$1 -> com.jbak2.JbakKeyboard.a:
    com.jbak2.JbakKeyboard.AcColorAct this$0 -> a
    1:39:void <init>(com.jbak2.JbakKeyboard.AcColorAct) -> <init>
    45:45:void afterTextChanged(android.text.Editable) -> afterTextChanged
    51:51:void beforeTextChanged(java.lang.CharSequence,int,int,int) -> beforeTextChanged
    56:57:void onTextChanged(java.lang.CharSequence,int,int,int) -> onTextChanged
com.jbak2.JbakKeyboard.AcColorAct$2 -> com.jbak2.JbakKeyboard.b:
    com.jbak2.JbakKeyboard.AcColorAct this$0 -> a
    1:236:void <init>(com.jbak2.JbakKeyboard.AcColorAct) -> <init>
    242:252:boolean onKey(android.view.View,int,android.view.KeyEvent) -> onKey
com.jbak2.JbakKeyboard.AcColorAct$3 -> com.jbak2.JbakKeyboard.c:
    com.jbak2.JbakKeyboard.AcColorAct this$0 -> a
    com.jbak2.Dialog.DlgPopupWnd val$dpw -> d
    1:200:void <init>(com.jbak2.JbakKeyboard.AcColorAct,com.jbak2.Dialog.DlgPopupWnd) -> <init>
    205:227:int OnObserver(java.lang.Object,java.lang.Object) -> a
com.jbak2.JbakKeyboard.Ads -> com.jbak2.JbakKeyboard.d:
    java.lang.String ID_DEVICE -> a
    int count_failed_load -> b
    android.widget.LinearLayout llad -> c
    18:21:void <clinit>() -> <clinit>
    30:30:void show$1a54e370() -> a
    33:33:void destroy() -> b
    36:36:void pause() -> c
    40:40:void resume() -> d
com.jbak2.JbakKeyboard.App -> com.jbak2.JbakKeyboard.App:
    android.content.SharedPreferences preferences -> b
    java.util.Locale locale -> c
    java.lang.String lang -> d
    java.lang.String DEF -> a
    14:14:void <clinit>() -> <clinit>
    10:10:void <init>() -> <init>
    17:30:void onCreate() -> onCreate
    35:48:void onConfigurationChanged(android.content.res.Configuration) -> onConfigurationChanged
com.jbak2.JbakKeyboard.ClipbrdSyncAct -> com.jbak2.JbakKeyboard.ClipbrdSyncAct:
    com.jbak2.JbakKeyboard.ClipbrdSyncAct inst -> a
    android.widget.Button start -> b
    13:13:void <init>() -> <init>
    21:154:void onCreate(android.os.Bundle) -> onCreate
    157:162:void onClick(android.view.View) -> onClick
    166:179:void onBackPressed() -> onBackPressed
    182:190:void setTextStartButton() -> a
    199:202:void onUserLeaveHint() -> onUserLeaveHint
...
com.jbak2.Dialog.DlgPopupWnd$1 -> com.jbak2.b.q:
    com.jbak2.Dialog.DlgPopupWnd this$0 -> a
    1:60:void <init>(com.jbak2.Dialog.DlgPopupWnd) -> <init>
    66:73:void onClick(android.view.View) -> onClick
com.jbak2.Dialog.DlgPopupWnd$2 -> com.jbak2.b.r:
    com.jbak2.Dialog.DlgPopupWnd this$0 -> a
    1:199:void <init>(com.jbak2.Dialog.DlgPopupWnd) -> <init>
    203:204:void onDismiss() -> onDismiss
com.jbak2.ctrl.GlobDialog -> com.jbak2.ctrl.GlobDialog:
    boolean fl_back_key -> a
    boolean fl_help -> b
    com.jbak2.ctrl.GlobDialog inst -> c
    boolean fl_is_prefact -> d
    boolean gbshow -> e
    boolean fl_volume_key -> f
    android.graphics.Paint p_color -> u
    java.lang.String ret_edittext_text -> g
    int pos_y -> h
    java.lang.String m_text -> i
    int m_text_gravity -> j
    java.lang.String m_ok -> k
    java.lang.String m_no -> l
    java.lang.String m_cancel -> m
    android.content.Context m_c -> n
    android.widget.EditText et -> o
    android.view.View m_view -> p
    com.jbak2.JbakKeyboard.st$UniObserver m_obs -> q
    android.view.View$OnClickListener m_clkListener -> r
    android.view.View$OnClickListener m_clkListenerEdit -> s
    android.view.View$OnKeyListener et_onKeyListener -> t
    48:72:void <clinit>() -> <clinit>
    57:613:void <init>(android.content.Context) -> <init>
    448:456:android.widget.Button makeButton(java.lang.String,int) -> b
    461:469:android.widget.Button makeButtonOkEdit(java.lang.String,int) -> c
    475:476:void setGravityText$13462e() -> a
    482:516:void showAlert() -> b
    1120:1169:android.view.View createView():120:169 -> b
    1120:1169:void showAlert():507 -> b
    524:552:void showEdit(java.lang.String,int) -> a
    1178:1251:android.view.View createViewEdit(java.lang.String,int):178:251 -> a
    1178:1251:void showEdit(java.lang.String,int):541 -> a
    555:570:void finish() -> finish
com.jbak2.ctrl.GlobDialog$1 -> com.jbak2.ctrl.a:
    com.jbak2.ctrl.GlobDialog this$0 -> a
    1:80:void <init>(com.jbak2.ctrl.GlobDialog) -> <init>
    85:89:void onClick(android.view.View) -> onClick
com.jbak2.ctrl.GlobDialog$2 -> com.jbak2.ctrl.b:
    com.jbak2.ctrl.GlobDialog this$0 -> a
    1:91:void <init>(com.jbak2.ctrl.GlobDialog) -> <init>
    96:102:void onClick(android.view.View) -> onClick
com.jbak2.ctrl.GlobDialog$3 -> com.jbak2.ctrl.c:
    com.jbak2.ctrl.GlobDialog this$0 -> a
    1:613:void <init>(com.jbak2.ctrl.GlobDialog) -> <init>
    619:661:boolean onKey(android.view.View,int,android.view.KeyEvent) -> onKey
com.jbak2.ctrl.IniFile -> com.jbak2.ctrl.d:
    long RATE_FIRST_TIME -> a
    long RATE_NEGATIVE_TIME -> b
    java.util.ArrayList par -> c
    android.content.Context m_c -> d
    java.lang.String m_fn -> e
    long last_modify -> f
    java.lang.String PAR_INI -> g
    java.lang.String START_TIME -> h
    java.lang.String RATE_APP -> i
    java.lang.String VERSION_CODE -> j
    java.lang.String DESC_BEGIN -> k
    java.lang.String QUICK_SETTING -> l
    18:47:void <init>(android.content.Context) -> <init>
    64:65:void setFilename(java.lang.String) -> a
    81:105:boolean create(java.lang.String,java.lang.String) -> a
    110:150:boolean readFile() -> b
    154:174:boolean setParam(java.lang.String,java.lang.String) -> b
    215:231:java.lang.String getParamValue(java.lang.String) -> b
    236:238:boolean isParamEmpty(java.lang.String) -> c
    242:250:boolean isFileExist() -> a
com.jbak2.ctrl.IniFile$iniParam -> com.jbak2.ctrl.e:
    java.lang.String par -> a
    java.lang.String val -> b
    50:61:void <init>() -> <init>