proguard/usage.txt
com.jbak2.JbakKeyboard.Ads:
    16:16:Ads()
com.jbak2.JbakKeyboard.BuildConfig
com.jbak2.JbakKeyboard.CustomKbdDesign:
    240:243:java.lang.String getErrString()
com.jbak2.JbakKeyboard.CustomKbdScroll:
    com.jbak2.JbakKeyboard.JbCandView m_candView
    public static final int ID_DELIMETER
    public static final int STAT_TEMPLATES
    public static final int STAT_CLIPBOARD
    public static final int STAT_CALC_HISTORY
    public static final int STAT_TRANSLATE
    public static final int STAT_KEYCODE_NOTATION
    189:190:void add(java.lang.String,int)
    194:195:void add(int,int)
    199:200:void add(java.lang.String,int,long)
    203:204:void add(int,int,long)
    207:211:static void closeTplAndTrans()
    391:394:void textMenuButton(java.lang.String)
    584:586:public boolean has(int)
    590:623:public static void showCopy(android.content.Context)
    626:642:public static void showLangs(android.content.Context)
    646:695:public static void showNotationNumber(android.content.Context,java.lang.String)
    698:799:public static boolean showClipboard(boolean)
    843:876:public static boolean showCalcList()
    919:933:void removeLastLongClicked()
    1007:1008:public static void delete(long)
com.jbak2.JbakKeyboard.CustomKbdScroll$5
com.jbak2.JbakKeyboard.CustomKbdScroll$6
com.jbak2.JbakKeyboard.CustomKbdScroll$7
com.jbak2.JbakKeyboard.CustomKbdScroll$8
com.jbak2.JbakKeyboard.CustomKbdScroll$MenuEntry:
    long date
    67:72:public CustomKbdScroll$MenuEntry(java.lang.String,int)
    73:78:public CustomKbdScroll$MenuEntry(java.lang.String,int,long)
com.jbak2.JbakKeyboard.CustomKeyboard:
    public static final java.lang.String KEYBOARD_FOLDER
    public static final java.lang.String A_ANDROID
    public static final java.lang.String TYPE_LAYOUT_CALC
    public static final java.lang.String TYPE_LAYOUT_SCROLL
    public static final java.lang.String TAG_KEYBOARD
    public static final java.lang.String VAL_PERCENT
    public static final java.lang.String VAL_PIXELS
    public static final java.lang.String TAG_ROW
    public static final java.lang.String TAG_KEY
    public static final java.lang.String TAG_REPLACE
    public static final java.lang.String DRW_PREFIX
    public static final java.lang.String A_keyWidth
    public static final java.lang.String A_keyHeight
    public static final java.lang.String A_verticalGap
    public static final java.lang.String A_horizontalGap
    public static final java.lang.String A_typeKeyboard
    public static final java.lang.String A_codes
    public static final java.lang.String A_iconPreview
    public static final java.lang.String A_isRepeatable
    public static final java.lang.String A_isSticky
    public static final java.lang.String A_keyIcon
    public static final java.lang.String A_keyLabel
    public static final java.lang.String A_keyOutputText
    public static final java.lang.String A_longKeyOutputText
    public static final java.lang.String A_popupCharacters
    public static final java.lang.String A_shortPopupCharacters
com.jbak2.JbakKeyboard.EditSetActivity:
    public static final java.lang.String EXTRA_PREF_KEY
    public static final java.lang.String EXTRA_DEFAULT_EDIT_SET
com.jbak2.JbakKeyboard.EditUserVocab$EuvAdapt:
    private android.app.Activity context
    private android.view.LayoutInflater inflater
com.jbak2.JbakKeyboard.IKbdSettings
...
android.support.v7.appcompat.R$integer
android.support.v7.appcompat.R$layout
android.support.v7.appcompat.R$string
android.support.v7.appcompat.R$style
android.support.v7.appcompat.R$styleable
com.google.android.voiceime.ActivityHelper:
    private static final java.lang.String TAG
    private static final int RECOGNITION_REQUEST
com.google.android.voiceime.ImeTrigger:
    private static final java.lang.String VOICE_IME_SUBTYPE_MODE
    private static final java.lang.String VOICE_IME_PACKAGE_PREFIX
com.google.android.voiceime.IntentApiTrigger:
    private static final java.lang.String TAG
com.google.android.voiceime.ServiceBridge:
    private static final java.lang.String TAG
com.google.android.voiceime.ServiceHelper:
    private static final java.lang.String TAG
com.google.android.voiceime.VoiceRecognitionTrigger:
    private android.content.BroadcastReceiver mReceiver
    74:74:public boolean isInstalled()
    78:78:public boolean isEnabled()
    115:123:private boolean isNetworkAvailable()
    136:148:public void register(com.google.android.voiceime.VoiceRecognitionTrigger$Listener)
    154:158:public void unregister(android.content.Context)
com.google.android.voiceime.VoiceRecognitionTrigger$1
com.google.android.voiceime.VoiceRecognitionTrigger$Listener
com.jbak2.CustomGraphics.BitmapCachedGradBack:
    111:117:public void recycle()
com.jbak2.CustomGraphics.ColorsGradientBack:
    25:27:public com.jbak2.CustomGraphics.ColorsGradientBack set(int[])
    31:32:public void refresh()
com.jbak2.CustomGraphics.ColorsGradientBack$RotatedColorsBackground
com.jbak2.CustomGraphics.ColorsGradientBack$RotatedColorsBackground$1
com.jbak2.CustomGraphics.ColorsGradientBack$RotatedColorsBackground$1$1
com.jbak2.CustomGraphics.CustomButtonDrawable:
    30:31:public com.jbak2.CustomGraphics.CustomButtonDrawable setCorners(int,int)
    79:81:public void recycle()
com.jbak2.CustomGraphics.GradBack:
    public static final int DEFAULT_CORNER_X
    public static final int DEFAULT_CORNER_Y
    public static final int DEFAULT_GAP
    public static final int DEFAULT_COLOR
    public static final int GRADIENT_TYPE_LINEAR
    public static final int GRADIENT_TYPE_SWEEP
    302:303:public void setDependentback(com.jbak2.CustomGraphics.GradBack)
com.jbak2.CustomGraphics.draw:
    14:14:public draw()
com.jbak2.Dialog.Dlg:
    17:17:public Dlg()
    116:125:public static android.app.AlertDialog yesNoDialog(android.content.Context,java.lang.String,int,int,com.jbak2.JbakKeyboard.st$UniObserver)
com.jbak2.Dialog.DlgPopupWnd:
    android.view.View m_view
    public static final int NO_FINISH
    235:236:public void set(int,int,int,int)
    239:243:public void set(java.lang.String,java.lang.String,java.lang.String,java.lang.String)
com.jbak2.ctrl.GlobDialog:
    public static int[] list
    public static java.util.ArrayList slist
    public static final int NO_FINISH
    584:586:public varargs void setList(int,int,int,int,int[])
    590:592:public void setListArray(int,int,int,int,java.util.ArrayList)
    666:672:public void setPositionOnKeyboard(boolean)
com.jbak2.ctrl.IniFile$iniParam:
    50:56:public IniFile$iniParam(java.lang.String,java.lang.String)
com.jbak2.ctrl.IntEditor:
    119:119:public final boolean isFromUser()
com.jbak2.ctrl.Mail:
    public static final java.lang.String MAIL
    14:14:public Mail()
com.jbak2.ctrl.Notif:
    public static final java.lang.String ACTION_CHANNEL_ID
    public static final java.lang.String ANDROID_CHANNEL_NAME
    public static final java.lang.String ACTION_SHOW
    public static final int NOTIFY_ALL
    public static final int NOTIFY_ID
com.jbak2.perm.Perm:
    19:19:public Perm()
com.jbak2.receiver.ClipbrdService:
    public static final int CLIPBRD_INTERVAL
    java.util.Timer m_timer
com.jbak2.receiver.ClipbrdSyncService:
    java.util.Timer m_timer
com.jbak2.receiver.JbKbdReceiver:
    20:22:static android.content.Intent getClipbrdServiceIntent(android.content.Context)